[12-Jul-2017 09:41:22 UTC] PHP Notice:  Undefined index: srv in /data/iscar/story/iscaradmin/index.php on line 18
[12-Jul-2017 09:41:22 UTC] PHP Warning:  date(): It is not safe to rely on the system's timezone settings. You are *required* to use the date.timezone setting or the date_default_timezone_set() function. In case you used any of those methods and you are still getting this warning, you most likely misspelled the timezone identifier. We selected the timezone 'UTC' for now, but please set date.timezone to select your timezone. in /data/iscar/story/iscaradmin/models/carinfo.php on line 457
[12-Jul-2017 09:41:22 UTC] PHP Warning:  date(): It is not safe to rely on the system's timezone settings. You are *required* to use the date.timezone setting or the date_default_timezone_set() function. In case you used any of those methods and you are still getting this warning, you most likely misspelled the timezone identifier. We selected the timezone 'UTC' for now, but please set date.timezone to select your timezone. in /data/iscar/story/iscaradmin/models/carinfo.php on line 489
[12-Jul-2017 09:41:30 UTC] PHP Notice:  Undefined index: srv in /data/iscar/story/iscaradmin/index.php on line 18
[12-Jul-2017 09:41:30 UTC] PHP Warning:  Missing argument 2 for getTerms(), called in /data/iscar/story/iscaradmin/models/carinfo.php on line 715 and defined in /data/iscar/includes/functions.php on line 979
[12-Jul-2017 09:41:30 UTC] PHP Notice:  Undefined index: recommend in /data/iscar/story/iscaradmin/carinfo.php on line 474
[12-Jul-2017 09:41:34 UTC] PHP Notice:  Undefined index: srv in /data/iscar/story/iscaradmin/index.php on line 18
[12-Jul-2017 09:41:34 UTC] PHP Warning:  Missing argument 2 for getTerms(), called in /data/iscar/story/iscaradmin/models/carinfo.php on line 205 and defined in /data/iscar/includes/functions.php on line 979
[12-Jul-2017 09:41:35 UTC] PHP Notice:  Undefined index: p in /data/iscar/story/iscaradmin/index.php on line 17
[12-Jul-2017 09:41:35 UTC] PHP Notice:  Undefined index: p in /data/iscar/story/iscaradmin/index.php on line 17
[12-Jul-2017 09:41:36 UTC] PHP Notice:  Undefined index: srv in /data/iscar/story/iscaradmin/index.php on line 18
[12-Jul-2017 09:41:36 UTC] PHP Notice:  Undefined variable: line in /data/iscar/story/iscaradmin/models/carinfo.php on line 440
[12-Jul-2017 09:41:36 UTC] PHP Notice:  Undefined variable: line in /data/iscar/story/iscaradmin/models/carinfo.php on line 443
[12-Jul-2017 09:41:36 UTC] PHP Notice:  Undefined index: srv in /data/iscar/story/iscaradmin/index.php on line 18
[12-Jul-2017 09:41:36 UTC] PHP Notice:  Undefined variable: line in /data/iscar/story/iscaradmin/models/carinfo.php on line 440
[12-Jul-2017 09:41:36 UTC] PHP Notice:  Undefined variable: line in /data/iscar/story/iscaradmin/models/carinfo.php on line 443
[12-Jul-2017 09:41:36 UTC] PHP Notice:  Undefined index: srv in /data/iscar/story/iscaradmin/index.php on line 18
[12-Jul-2017 09:41:36 UTC] PHP Warning:  date(): It is not safe to rely on the system's timezone settings. You are *required* to use the date.timezone setting or the date_default_timezone_set() function. In case you used any of those methods and you are still getting this warning, you most likely misspelled the timezone identifier. We selected the timezone 'UTC' for now, but please set date.timezone to select your timezone. in /data/iscar/story/iscaradmin/models/carinfo.php on line 457
[12-Jul-2017 09:41:36 UTC] PHP Warning:  date(): It is not safe to rely on the system's timezone settings. You are *required* to use the date.timezone setting or the date_default_timezone_set() function. In case you used any of those methods and you are still getting this warning, you most likely misspelled the timezone identifier. We selected the timezone 'UTC' for now, but please set date.timezone to select your timezone. in /data/iscar/story/iscaradmin/models/carinfo.php on line 489
[12-Jul-2017 09:41:41 UTC] PHP Notice:  Undefined index: srv in /data/iscar/story/iscaradmin/index.php on line 18
[12-Jul-2017 09:41:41 UTC] PHP Warning:  date(): It is not safe to rely on the system's timezone settings. You are *required* to use the date.timezone setting or the date_default_timezone_set() function. In case you used any of those methods and you are still getting this warning, you most likely misspelled the timezone identifier. We selected the timezone 'UTC' for now, but please set date.timezone to select your timezone. in /data/iscar/story/iscaradmin/models/carinfo.php on line 121
[12-Jul-2017 09:41:41 UTC] PHP Warning:  date(): It is not safe to rely on the system's timezone settings. You are *required* to use the date.timezone setting or the date_default_timezone_set() function. In case you used any of those methods and you are still getting this warning, you most likely misspelled the timezone identifier. We selected the timezone 'UTC' for now, but please set date.timezone to select your timezone. in /data/iscar/story/iscaradmin/models/carinfo.php on line 173
[12-Jul-2017 09:41:42 UTC] PHP Notice:  Undefined index: srv in /data/iscar/story/iscaradmin/index.php on line 18
[12-Jul-2017 09:41:42 UTC] PHP Warning:  Missing argument 2 for getTerms(), called in /data/iscar/story/iscaradmin/models/carinfo.php on line 715 and defined in /data/iscar/includes/functions.php on line 979
[12-Jul-2017 09:41:42 UTC] PHP Notice:  Undefined index: recommend in /data/iscar/story/iscaradmin/carinfo.php on line 474
[12-Jul-2017 09:41:44 UTC] PHP Notice:  Undefined index: srv in /data/iscar/story/iscaradmin/index.php on line 18
[12-Jul-2017 09:41:44 UTC] PHP Warning:  Missing argument 2 for getTerms(), called in /data/iscar/story/iscaradmin/models/cararticle.php on line 194 and defined in /data/iscar/includes/functions.php on line 979
[12-Jul-2017 09:41:44 UTC] PHP Notice:  Undefined index: srv in /data/iscar/story/iscaradmin/index.php on line 18
[12-Jul-2017 09:41:44 UTC] PHP Warning:  Missing argument 2 for getTerms(), called in /data/iscar/story/iscaradmin/models/cararticle.php on line 194 and defined in /data/iscar/includes/functions.php on line 979
[12-Jul-2017 09:41:45 UTC] PHP Notice:  Undefined index: srv in /data/iscar/story/iscaradmin/index.php on line 18
[12-Jul-2017 09:41:46 UTC] PHP Notice:  Undefined index: srv in /data/iscar/story/iscaradmin/index.php on line 18
[12-Jul-2017 09:41:47 UTC] PHP Notice:  Undefined variable: line in /data/iscar/story/iscaradmin/models/cararticle.php on line 118
[12-Jul-2017 09:41:47 UTC] PHP Notice:  Undefined variable: line in /data/iscar/story/iscaradmin/models/cararticle.php on line 121
[12-Jul-2017 09:41:47 UTC] PHP Notice:  Undefined index: srv in /data/iscar/story/iscaradmin/index.php on line 18
[12-Jul-2017 09:41:47 UTC] PHP Notice:  Undefined variable: line in /data/iscar/story/iscaradmin/models/cararticle.php on line 118
[12-Jul-2017 09:41:47 UTC] PHP Notice:  Undefined variable: line in /data/iscar/story/iscaradmin/models/cararticle.php on line 121
[12-Jul-2017 09:41:49 UTC] PHP Notice:  Undefined index: srv in /data/iscar/story/iscaradmin/index.php on line 18
[12-Jul-2017 09:41:49 UTC] PHP Notice:  Undefined index: jp_id in /data/iscar/story/iscaradmin/models/cararticle.php on line 11
[12-Jul-2017 09:41:49 UTC] PHP Notice:  Undefined index: post_title in /data/iscar/story/iscaradmin/models/cararticle.php on line 12
[12-Jul-2017 09:41:49 UTC] PHP Notice:  Undefined index: jp_id in /data/iscar/story/iscaradmin/models/cararticle.php on line 11
[12-Jul-2017 09:41:49 UTC] PHP Notice:  Undefined index: post_title in /data/iscar/story/iscaradmin/models/cararticle.php on line 12
[12-Jul-2017 09:41:49 UTC] PHP Notice:  Undefined index: jp_id in /data/iscar/story/iscaradmin/models/cararticle.php on line 11
[12-Jul-2017 09:41:49 UTC] PHP Notice:  Undefined index: post_title in /data/iscar/story/iscaradmin/models/cararticle.php on line 12
[12-Jul-2017 09:41:49 UTC] PHP Notice:  Undefined index: jp_id in /data/iscar/story/iscaradmin/models/cararticle.php on line 11
[12-Jul-2017 09:41:49 UTC] PHP Notice:  Undefined index: post_title in /data/iscar/story/iscaradmin/models/cararticle.php on line 12
[12-Jul-2017 09:41:49 UTC] PHP Notice:  Undefined index: jp_id in /data/iscar/story/iscaradmin/models/cararticle.php on line 11
[12-Jul-2017 09:41:49 UTC] PHP Notice:  Undefined index: post_title in /data/iscar/story/iscaradmin/models/cararticle.php on line 12
[12-Jul-2017 09:41:49 UTC] PHP Notice:  Undefined variable: line in /data/iscar/story/iscaradmin/models/cararticle.php on line 144
[12-Jul-2017 09:41:49 UTC] PHP Notice:  Undefined variable: line in /data/iscar/story/iscaradmin/models/cararticle.php on line 147
[12-Jul-2017 09:41:49 UTC] PHP Notice:  Undefined index: srv in /data/iscar/story/iscaradmin/index.php on line 18
[12-Jul-2017 09:41:49 UTC] PHP Notice:  Undefined index: jp_id in /data/iscar/story/iscaradmin/models/cararticle.php on line 11
[12-Jul-2017 09:41:49 UTC] PHP Notice:  Undefined index: post_title in /data/iscar/story/iscaradmin/models/cararticle.php on line 12
[12-Jul-2017 09:41:49 UTC] PHP Notice:  Undefined index: jp_id in /data/iscar/story/iscaradmin/models/cararticle.php on line 11
[12-Jul-2017 09:41:49 UTC] PHP Notice:  Undefined index: post_title in /data/iscar/story/iscaradmin/models/cararticle.php on line 12
[12-Jul-2017 09:41:49 UTC] PHP Notice:  Undefined index: jp_id in /data/iscar/story/iscaradmin/models/cararticle.php on line 11
[12-Jul-2017 09:41:49 UTC] PHP Notice:  Undefined index: post_title in /data/iscar/story/iscaradmin/models/cararticle.php on line 12
[12-Jul-2017 09:41:49 UTC] PHP Notice:  Undefined index: jp_id in /data/iscar/story/iscaradmin/models/cararticle.php on line 11
[12-Jul-2017 09:41:49 UTC] PHP Notice:  Undefined index: post_title in /data/iscar/story/iscaradmin/models/cararticle.php on line 12
[12-Jul-2017 09:41:49 UTC] PHP Notice:  Undefined index: jp_id in /data/iscar/story/iscaradmin/models/cararticle.php on line 11
[12-Jul-2017 09:41:49 UTC] PHP Notice:  Undefined index: post_title in /data/iscar/story/iscaradmin/models/cararticle.php on line 12
[12-Jul-2017 09:41:49 UTC] PHP Notice:  Undefined variable: line in /data/iscar/story/iscaradmin/models/cararticle.php on line 144
[12-Jul-2017 09:41:49 UTC] PHP Notice:  Undefined variable: line in /data/iscar/story/iscaradmin/models/cararticle.php on line 147
[12-Jul-2017 09:41:52 UTC] PHP Notice:  Undefined index: srv in /data/iscar/story/iscaradmin/index.php on line 18
[12-Jul-2017 09:41:52 UTC] PHP Warning:  date(): It is not safe to rely on the system's timezone settings. You are *required* to use the date.timezone setting or the date_default_timezone_set() function. In case you used any of those methods and you are still getting this warning, you most likely misspelled the timezone identifier. We selected the timezone 'UTC' for now, but please set date.timezone to select your timezone. in /data/iscar/story/iscaradmin/models/cararticle.php on line 23
[12-Jul-2017 09:41:52 UTC] PHP Notice:  Undefined index: srv in /data/iscar/story/iscaradmin/index.php on line 18
[12-Jul-2017 09:41:52 UTC] PHP Warning:  Missing argument 2 for getTerms(), called in /data/iscar/story/iscaradmin/models/cararticle.php on line 194 and defined in /data/iscar/includes/functions.php on line 979
[12-Jul-2017 09:41:52 UTC] PHP Notice:  Undefined index: srv in /data/iscar/story/iscaradmin/index.php on line 18
[12-Jul-2017 09:41:53 UTC] PHP Notice:  Undefined index: srv in /data/iscar/story/iscaradmin/index.php on line 18
[12-Jul-2017 09:41:53 UTC] PHP Notice:  Undefined variable: line in /data/iscar/story/iscaradmin/models/cararticle.php on line 118
[12-Jul-2017 09:41:53 UTC] PHP Notice:  Undefined variable: line in /data/iscar/story/iscaradmin/models/cararticle.php on line 121
[12-Jul-2017 09:41:53 UTC] PHP Notice:  Undefined index: srv in /data/iscar/story/iscaradmin/index.php on line 18
[12-Jul-2017 09:41:53 UTC] PHP Notice:  Undefined variable: line in /data/iscar/story/iscaradmin/models/cararticle.php on line 118
[12-Jul-2017 09:41:53 UTC] PHP Notice:  Undefined variable: line in /data/iscar/story/iscaradmin/models/cararticle.php on line 121
[12-Jul-2017 09:41:56 UTC] PHP Notice:  Undefined index: srv in /data/iscar/story/iscaradmin/index.php on line 18
[12-Jul-2017 09:41:56 UTC] PHP Notice:  Undefined index: jp_id in /data/iscar/story/iscaradmin/models/cararticle.php on line 11
[12-Jul-2017 09:41:56 UTC] PHP Notice:  Undefined index: post_title in /data/iscar/story/iscaradmin/models/cararticle.php on line 12
[12-Jul-2017 09:41:56 UTC] PHP Notice:  Undefined index: jp_id in /data/iscar/story/iscaradmin/models/cararticle.php on line 11
[12-Jul-2017 09:41:56 UTC] PHP Notice:  Undefined index: post_title in /data/iscar/story/iscaradmin/models/cararticle.php on line 12
[12-Jul-2017 09:41:56 UTC] PHP Notice:  Undefined index: jp_id in /data/iscar/story/iscaradmin/models/cararticle.php on line 11
[12-Jul-2017 09:41:56 UTC] PHP Notice:  Undefined index: post_title in /data/iscar/story/iscaradmin/models/cararticle.php on line 12
[12-Jul-2017 09:41:56 UTC] PHP Notice:  Undefined index: jp_id in /data/iscar/story/iscaradmin/models/cararticle.php on line 11
[12-Jul-2017 09:41:56 UTC] PHP Notice:  Undefined index: post_title in /data/iscar/story/iscaradmin/models/cararticle.php on line 12
[12-Jul-2017 09:41:56 UTC] PHP Notice:  Undefined index: jp_id in /data/iscar/story/iscaradmin/models/cararticle.php on line 11
[12-Jul-2017 09:41:56 UTC] PHP Notice:  Undefined index: post_title in /data/iscar/story/iscaradmin/models/cararticle.php on line 12
[12-Jul-2017 09:41:56 UTC] PHP Notice:  Undefined variable: line in /data/iscar/story/iscaradmin/models/cararticle.php on line 144
[12-Jul-2017 09:41:56 UTC] PHP Notice:  Undefined variable: line in /data/iscar/story/iscaradmin/models/cararticle.php on line 147
[12-Jul-2017 09:41:56 UTC] PHP Notice:  Undefined index: srv in /data/iscar/story/iscaradmin/index.php on line 18
[12-Jul-2017 09:41:56 UTC] PHP Notice:  Undefined index: jp_id in /data/iscar/story/iscaradmin/models/cararticle.php on line 11
[12-Jul-2017 09:41:56 UTC] PHP Notice:  Undefined index: post_title in /data/iscar/story/iscaradmin/models/cararticle.php on line 12
[12-Jul-2017 09:41:56 UTC] PHP Notice:  Undefined index: jp_id in /data/iscar/story/iscaradmin/models/cararticle.php on line 11
[12-Jul-2017 09:41:56 UTC] PHP Notice:  Undefined index: post_title in /data/iscar/story/iscaradmin/models/cararticle.php on line 12
[12-Jul-2017 09:41:56 UTC] PHP Notice:  Undefined index: jp_id in /data/iscar/story/iscaradmin/models/cararticle.php on line 11
[12-Jul-2017 09:41:56 UTC] PHP Notice:  Undefined index: post_title in /data/iscar/story/iscaradmin/models/cararticle.php on line 12
[12-Jul-2017 09:41:56 UTC] PHP Notice:  Undefined index: jp_id in /data/iscar/story/iscaradmin/models/cararticle.php on line 11
[12-Jul-2017 09:41:56 UTC] PHP Notice:  Undefined index: post_title in /data/iscar/story/iscaradmin/models/cararticle.php on line 12
[12-Jul-2017 09:41:56 UTC] PHP Notice:  Undefined index: jp_id in /data/iscar/story/iscaradmin/models/cararticle.php on line 11
[12-Jul-2017 09:41:56 UTC] PHP Notice:  Undefined index: post_title in /data/iscar/story/iscaradmin/models/cararticle.php on line 12
[12-Jul-2017 09:41:56 UTC] PHP Notice:  Undefined variable: line in /data/iscar/story/iscaradmin/models/cararticle.php on line 144
[12-Jul-2017 09:41:56 UTC] PHP Notice:  Undefined variable: line in /data/iscar/story/iscaradmin/models/cararticle.php on line 147
[12-Jul-2017 09:41:57 UTC] PHP Notice:  Undefined index: srv in /data/iscar/story/iscaradmin/index.php on line 18
[12-Jul-2017 09:41:57 UTC] PHP Warning:  date(): It is not safe to rely on the system's timezone settings. You are *required* to use the date.timezone setting or the date_default_timezone_set() function. In case you used any of those methods and you are still getting this warning, you most likely misspelled the timezone identifier. We selected the timezone 'UTC' for now, but please set date.timezone to select your timezone. in /data/iscar/story/iscaradmin/models/cararticle.php on line 23
[12-Jul-2017 09:41:57 UTC] PHP Notice:  Undefined index: srv in /data/iscar/story/iscaradmin/index.php on line 18
[12-Jul-2017 09:41:57 UTC] PHP Warning:  Missing argument 2 for getTerms(), called in /data/iscar/story/iscaradmin/models/cararticle.php on line 194 and defined in /data/iscar/includes/functions.php on line 979
[12-Jul-2017 09:43:07 UTC] PHP Notice:  Undefined index: srv in /data/iscar/story/iscaradmin/index.php on line 18
[12-Jul-2017 09:43:07 UTC] PHP Warning:  date(): It is not safe to rely on the system's timezone settings. You are *required* to use the date.timezone setting or the date_default_timezone_set() function. In case you used any of those methods and you are still getting this warning, you most likely misspelled the timezone identifier. We selected the timezone 'UTC' for now, but please set date.timezone to select your timezone. in /data/iscar/story/iscaradmin/models/carinfo.php on line 457
[12-Jul-2017 09:43:07 UTC] PHP Warning:  date(): It is not safe to rely on the system's timezone settings. You are *required* to use the date.timezone setting or the date_default_timezone_set() function. In case you used any of those methods and you are still getting this warning, you most likely misspelled the timezone identifier. We selected the timezone 'UTC' for now, but please set date.timezone to select your timezone. in /data/iscar/story/iscaradmin/models/carinfo.php on line 489
[12-Jul-2017 09:43:10 UTC] PHP Notice:  Undefined index: srv in /data/iscar/story/iscaradmin/index.php on line 18
[12-Jul-2017 09:43:10 UTC] PHP Warning:  date(): It is not safe to rely on the system's timezone settings. You are *required* to use the date.timezone setting or the date_default_timezone_set() function. In case you used any of those methods and you are still getting this warning, you most likely misspelled the timezone identifier. We selected the timezone 'UTC' for now, but please set date.timezone to select your timezone. in /data/iscar/story/iscaradmin/models/carinfo.php on line 121
[12-Jul-2017 09:43:10 UTC] PHP Warning:  date(): It is not safe to rely on the system's timezone settings. You are *required* to use the date.timezone setting or the date_default_timezone_set() function. In case you used any of those methods and you are still getting this warning, you most likely misspelled the timezone identifier. We selected the timezone 'UTC' for now, but please set date.timezone to select your timezone. in /data/iscar/story/iscaradmin/models/carinfo.php on line 173
[12-Jul-2017 09:43:10 UTC] PHP Notice:  Undefined index: srv in /data/iscar/story/iscaradmin/index.php on line 18
[12-Jul-2017 09:43:10 UTC] PHP Warning:  Missing argument 2 for getTerms(), called in /data/iscar/story/iscaradmin/models/carinfo.php on line 715 and defined in /data/iscar/includes/functions.php on line 979
[12-Jul-2017 09:43:10 UTC] PHP Notice:  Undefined index: recommend in /data/iscar/story/iscaradmin/carinfo.php on line 474
