[12-Jul-2017 09:40:26 UTC] PHP Notice:  Use of undefined constant ID - assumed 'ID' in /data/iscar/service/home_condition.php on line 20
[12-Jul-2017 09:40:26 UTC] PHP Notice:  Undefined variable: content in /data/iscar/includes/functions.php on line 477
[12-Jul-2017 09:40:26 UTC] PHP Notice:  Undefined variable: content in /data/iscar/includes/functions.php on line 477
[12-Jul-2017 09:40:26 UTC] PHP Notice:  Undefined variable: content in /data/iscar/includes/functions.php on line 477
[12-Jul-2017 09:40:26 UTC] PHP Notice:  Undefined variable: content in /data/iscar/includes/functions.php on line 477
[12-Jul-2017 09:40:26 UTC] PHP Notice:  Undefined variable: content in /data/iscar/includes/functions.php on line 477
[12-Jul-2017 09:40:26 UTC] PHP Notice:  Use of undefined constant brand - assumed 'brand' in /data/iscar/service/home_condition.php on line 41
[12-Jul-2017 09:40:26 UTC] PHP Notice:  Use of undefined constant carbody - assumed 'carbody' in /data/iscar/service/home_condition.php on line 42
[12-Jul-2017 09:40:26 UTC] PHP Notice:  Use of undefined constant banner - assumed 'banner' in /data/iscar/service/home_condition.php on line 43
[12-Jul-2017 09:40:45 UTC] PHP Fatal error:  Uncaught exception 'PDOException' with message 'SQLSTATE[22001]: String data, right truncated: 1406 Data too long for column 'remark' at row 1' in /data/iscar/classes/DefaultPDO.php:69
Stack trace:
#0 /data/iscar/classes/DefaultPDO.php(69): PDOStatement->execute(Array)
#1 /data/iscar/includes/functions.php(752): DefaultPDO->execute('INSERT INTO myl...', Array)
#2 /data/iscar/service/car_list.php(345): setLog('\xE6\xB8\xB8\xE5\xAE\xA2116.231.3...', 0, 'b7c6758d9a3b2f7...', 3, '\xE6\x9F\xA5\xE7\x9C\x8B\xE6\xB1\xBD\xE8\xBD\xA6\xE5\x88\x97...')
#3 /data/iscar/service/index.php(42): require_once('/data/iscar/ser...')
#4 {main}
  thrown in /data/iscar/classes/DefaultPDO.php on line 69
[12-Jul-2017 09:41:42 UTC] PHP Notice:  Use of undefined constant carsource - assumed 'carsource' in /data/iscar/service/search_adv.php on line 91
[12-Jul-2017 09:41:42 UTC] PHP Notice:  Use of undefined constant carbody - assumed 'carbody' in /data/iscar/service/search_adv.php on line 92
[12-Jul-2017 09:41:42 UTC] PHP Notice:  Use of undefined constant car_doors - assumed 'car_doors' in /data/iscar/service/search_adv.php on line 93
[12-Jul-2017 09:41:42 UTC] PHP Notice:  Use of undefined constant fueltype - assumed 'fueltype' in /data/iscar/service/search_adv.php on line 94
[12-Jul-2017 09:41:42 UTC] PHP Notice:  Use of undefined constant transmission - assumed 'transmission' in /data/iscar/service/search_adv.php on line 95
[12-Jul-2017 09:41:42 UTC] PHP Notice:  Use of undefined constant displacement - assumed 'displacement' in /data/iscar/service/search_adv.php on line 96
[12-Jul-2017 09:41:42 UTC] PHP Notice:  Use of undefined constant equiptments - assumed 'equiptments' in /data/iscar/service/search_adv.php on line 97
[12-Jul-2017 09:41:46 UTC] PHP Notice:  Use of undefined constant drive_mode - assumed 'drive_mode' in /data/iscar/service/search_adv.php on line 98
[12-Jul-2017 09:41:46 UTC] PHP Notice:  Use of undefined constant brand - assumed 'brand' in /data/iscar/service/search_adv.php on line 99
[12-Jul-2017 09:41:46 UTC] PHP Notice:  Use of undefined constant model - assumed 'model' in /data/iscar/service/search_adv.php on line 100
[12-Jul-2017 09:41:46 UTC] PHP Notice:  Use of undefined constant caryear - assumed 'caryear' in /data/iscar/service/search_adv.php on line 101
[12-Jul-2017 09:41:46 UTC] PHP Notice:  Use of undefined constant ID - assumed 'ID' in /data/iscar/service/home_condition.php on line 20
[12-Jul-2017 09:41:46 UTC] PHP Notice:  Undefined variable: content in /data/iscar/includes/functions.php on line 477
[12-Jul-2017 09:41:46 UTC] PHP Notice:  Undefined variable: content in /data/iscar/includes/functions.php on line 477
[12-Jul-2017 09:41:46 UTC] PHP Notice:  Undefined variable: content in /data/iscar/includes/functions.php on line 477
[12-Jul-2017 09:41:46 UTC] PHP Notice:  Undefined variable: content in /data/iscar/includes/functions.php on line 477
[12-Jul-2017 09:41:46 UTC] PHP Notice:  Undefined variable: content in /data/iscar/includes/functions.php on line 477
[12-Jul-2017 09:41:46 UTC] PHP Notice:  Use of undefined constant brand - assumed 'brand' in /data/iscar/service/home_condition.php on line 41
[12-Jul-2017 09:41:46 UTC] PHP Notice:  Use of undefined constant carbody - assumed 'carbody' in /data/iscar/service/home_condition.php on line 42
[12-Jul-2017 09:41:46 UTC] PHP Notice:  Use of undefined constant banner - assumed 'banner' in /data/iscar/service/home_condition.php on line 43
[12-Jul-2017 09:41:53 UTC] PHP Notice:  Use of undefined constant line - assumed 'line' in /data/iscar/service/car_details.php on line 68
[12-Jul-2017 09:41:53 UTC] PHP Notice:  Use of undefined constant Collection_status - assumed 'Collection_status' in /data/iscar/service/car_details.php on line 71
[12-Jul-2017 09:41:53 UTC] PHP Notice:  Use of undefined constant Condition - assumed 'Condition' in /data/iscar/service/car_details.php on line 74
[12-Jul-2017 09:41:53 UTC] PHP Notice:  Use of undefined constant style_list - assumed 'style_list' in /data/iscar/service/car_details.php on line 75
[12-Jul-2017 09:41:53 UTC] PHP Notice:  Use of undefined constant banner - assumed 'banner' in /data/iscar/service/car_details.php on line 76
[12-Jul-2017 09:41:53 UTC] PHP Notice:  Use of undefined constant article - assumed 'article' in /data/iscar/service/car_details.php on line 77
[12-Jul-2017 09:41:53 UTC] PHP Notice:  Use of undefined constant details - assumed 'details' in /data/iscar/service/car_details.php on line 78
[12-Jul-2017 09:41:53 UTC] PHP Notice:  Use of undefined constant imgs - assumed 'imgs' in /data/iscar/service/car_details.php on line 78
[12-Jul-2017 09:41:53 UTC] PHP Notice:  Use of undefined constant details - assumed 'details' in /data/iscar/service/car_details.php on line 79
[12-Jul-2017 09:41:53 UTC] PHP Notice:  Use of undefined constant add_imgs - assumed 'add_imgs' in /data/iscar/service/car_details.php on line 79
[12-Jul-2017 09:41:53 UTC] PHP Notice:  Use of undefined constant details - assumed 'details' in /data/iscar/service/car_details.php on line 80
[12-Jul-2017 09:41:53 UTC] PHP Notice:  Use of undefined constant car_details - assumed 'car_details' in /data/iscar/service/car_details.php on line 80
[12-Jul-2017 09:41:53 UTC] PHP Notice:  Use of undefined constant details - assumed 'details' in /data/iscar/service/car_details.php on line 81
[12-Jul-2017 09:41:53 UTC] PHP Notice:  Use of undefined constant Equipment - assumed 'Equipment' in /data/iscar/service/car_details.php on line 81
[12-Jul-2017 09:41:56 UTC] PHP Notice:  Use of undefined constant line - assumed 'line' in /data/iscar/service/car_details.php on line 68
[12-Jul-2017 09:41:56 UTC] PHP Notice:  Use of undefined constant Collection_status - assumed 'Collection_status' in /data/iscar/service/car_details.php on line 71
[12-Jul-2017 09:41:56 UTC] PHP Notice:  Use of undefined constant Condition - assumed 'Condition' in /data/iscar/service/car_details.php on line 74
[12-Jul-2017 09:41:56 UTC] PHP Notice:  Use of undefined constant style_list - assumed 'style_list' in /data/iscar/service/car_details.php on line 75
[12-Jul-2017 09:41:56 UTC] PHP Notice:  Use of undefined constant banner - assumed 'banner' in /data/iscar/service/car_details.php on line 76
[12-Jul-2017 09:41:56 UTC] PHP Notice:  Use of undefined constant article - assumed 'article' in /data/iscar/service/car_details.php on line 77
[12-Jul-2017 09:41:56 UTC] PHP Notice:  Use of undefined constant details - assumed 'details' in /data/iscar/service/car_details.php on line 78
[12-Jul-2017 09:41:56 UTC] PHP Notice:  Use of undefined constant imgs - assumed 'imgs' in /data/iscar/service/car_details.php on line 78
[12-Jul-2017 09:41:56 UTC] PHP Notice:  Use of undefined constant details - assumed 'details' in /data/iscar/service/car_details.php on line 79
[12-Jul-2017 09:41:56 UTC] PHP Notice:  Use of undefined constant add_imgs - assumed 'add_imgs' in /data/iscar/service/car_details.php on line 79
[12-Jul-2017 09:41:56 UTC] PHP Notice:  Use of undefined constant details - assumed 'details' in /data/iscar/service/car_details.php on line 80
[12-Jul-2017 09:41:56 UTC] PHP Notice:  Use of undefined constant car_details - assumed 'car_details' in /data/iscar/service/car_details.php on line 80
[12-Jul-2017 09:41:56 UTC] PHP Notice:  Use of undefined constant details - assumed 'details' in /data/iscar/service/car_details.php on line 81
[12-Jul-2017 09:41:56 UTC] PHP Notice:  Use of undefined constant Equipment - assumed 'Equipment' in /data/iscar/service/car_details.php on line 81
[12-Jul-2017 09:41:59 UTC] PHP Notice:  Use of undefined constant ID - assumed 'ID' in /data/iscar/service/home_condition.php on line 20
[12-Jul-2017 09:41:59 UTC] PHP Notice:  Undefined variable: content in /data/iscar/includes/functions.php on line 477
[12-Jul-2017 09:41:59 UTC] PHP Notice:  Undefined variable: content in /data/iscar/includes/functions.php on line 477
[12-Jul-2017 09:41:59 UTC] PHP Notice:  Undefined variable: content in /data/iscar/includes/functions.php on line 477
[12-Jul-2017 09:41:59 UTC] PHP Notice:  Undefined variable: content in /data/iscar/includes/functions.php on line 477
[12-Jul-2017 09:41:59 UTC] PHP Notice:  Undefined variable: content in /data/iscar/includes/functions.php on line 477
[12-Jul-2017 09:41:59 UTC] PHP Notice:  Use of undefined constant brand - assumed 'brand' in /data/iscar/service/home_condition.php on line 41
[12-Jul-2017 09:41:59 UTC] PHP Notice:  Use of undefined constant carbody - assumed 'carbody' in /data/iscar/service/home_condition.php on line 42
[12-Jul-2017 09:41:59 UTC] PHP Notice:  Use of undefined constant banner - assumed 'banner' in /data/iscar/service/home_condition.php on line 43
[12-Jul-2017 09:42:02 UTC] PHP Notice:  Use of undefined constant line - assumed 'line' in /data/iscar/service/car_details.php on line 68
[12-Jul-2017 09:42:02 UTC] PHP Notice:  Use of undefined constant Collection_status - assumed 'Collection_status' in /data/iscar/service/car_details.php on line 71
[12-Jul-2017 09:42:02 UTC] PHP Notice:  Use of undefined constant Condition - assumed 'Condition' in /data/iscar/service/car_details.php on line 74
[12-Jul-2017 09:42:02 UTC] PHP Notice:  Use of undefined constant style_list - assumed 'style_list' in /data/iscar/service/car_details.php on line 75
[12-Jul-2017 09:42:02 UTC] PHP Notice:  Use of undefined constant banner - assumed 'banner' in /data/iscar/service/car_details.php on line 76
[12-Jul-2017 09:42:02 UTC] PHP Notice:  Use of undefined constant article - assumed 'article' in /data/iscar/service/car_details.php on line 77
[12-Jul-2017 09:42:02 UTC] PHP Notice:  Use of undefined constant details - assumed 'details' in /data/iscar/service/car_details.php on line 78
[12-Jul-2017 09:42:02 UTC] PHP Notice:  Use of undefined constant imgs - assumed 'imgs' in /data/iscar/service/car_details.php on line 78
[12-Jul-2017 09:42:02 UTC] PHP Notice:  Use of undefined constant details - assumed 'details' in /data/iscar/service/car_details.php on line 79
[12-Jul-2017 09:42:02 UTC] PHP Notice:  Use of undefined constant add_imgs - assumed 'add_imgs' in /data/iscar/service/car_details.php on line 79
[12-Jul-2017 09:42:02 UTC] PHP Notice:  Use of undefined constant details - assumed 'details' in /data/iscar/service/car_details.php on line 80
[12-Jul-2017 09:42:02 UTC] PHP Notice:  Use of undefined constant car_details - assumed 'car_details' in /data/iscar/service/car_details.php on line 80
[12-Jul-2017 09:42:02 UTC] PHP Notice:  Use of undefined constant details - assumed 'details' in /data/iscar/service/car_details.php on line 81
[12-Jul-2017 09:42:02 UTC] PHP Notice:  Use of undefined constant Equipment - assumed 'Equipment' in /data/iscar/service/car_details.php on line 81
[12-Jul-2017 09:42:12 UTC] PHP Notice:  Use of undefined constant line - assumed 'line' in /data/iscar/service/car_details.php on line 68
[12-Jul-2017 09:42:12 UTC] PHP Notice:  Use of undefined constant Collection_status - assumed 'Collection_status' in /data/iscar/service/car_details.php on line 71
[12-Jul-2017 09:42:12 UTC] PHP Notice:  Use of undefined constant Condition - assumed 'Condition' in /data/iscar/service/car_details.php on line 74
[12-Jul-2017 09:42:12 UTC] PHP Notice:  Use of undefined constant style_list - assumed 'style_list' in /data/iscar/service/car_details.php on line 75
[12-Jul-2017 09:42:12 UTC] PHP Notice:  Use of undefined constant banner - assumed 'banner' in /data/iscar/service/car_details.php on line 76
[12-Jul-2017 09:42:12 UTC] PHP Notice:  Use of undefined constant article - assumed 'article' in /data/iscar/service/car_details.php on line 77
[12-Jul-2017 09:42:12 UTC] PHP Notice:  Use of undefined constant details - assumed 'details' in /data/iscar/service/car_details.php on line 78
[12-Jul-2017 09:42:12 UTC] PHP Notice:  Use of undefined constant imgs - assumed 'imgs' in /data/iscar/service/car_details.php on line 78
[12-Jul-2017 09:42:12 UTC] PHP Notice:  Use of undefined constant details - assumed 'details' in /data/iscar/service/car_details.php on line 79
[12-Jul-2017 09:42:12 UTC] PHP Notice:  Use of undefined constant add_imgs - assumed 'add_imgs' in /data/iscar/service/car_details.php on line 79
[12-Jul-2017 09:42:12 UTC] PHP Notice:  Use of undefined constant details - assumed 'details' in /data/iscar/service/car_details.php on line 80
[12-Jul-2017 09:42:12 UTC] PHP Notice:  Use of undefined constant car_details - assumed 'car_details' in /data/iscar/service/car_details.php on line 80
[12-Jul-2017 09:42:12 UTC] PHP Notice:  Use of undefined constant details - assumed 'details' in /data/iscar/service/car_details.php on line 81
[12-Jul-2017 09:42:12 UTC] PHP Notice:  Use of undefined constant Equipment - assumed 'Equipment' in /data/iscar/service/car_details.php on line 81
[12-Jul-2017 09:42:47 UTC] PHP Notice:  Use of undefined constant carsource - assumed 'carsource' in /data/iscar/service/search_adv.php on line 91
[12-Jul-2017 09:42:47 UTC] PHP Notice:  Use of undefined constant carbody - assumed 'carbody' in /data/iscar/service/search_adv.php on line 92
[12-Jul-2017 09:42:47 UTC] PHP Notice:  Use of undefined constant car_doors - assumed 'car_doors' in /data/iscar/service/search_adv.php on line 93
[12-Jul-2017 09:42:47 UTC] PHP Notice:  Use of undefined constant fueltype - assumed 'fueltype' in /data/iscar/service/search_adv.php on line 94
[12-Jul-2017 09:42:47 UTC] PHP Notice:  Use of undefined constant transmission - assumed 'transmission' in /data/iscar/service/search_adv.php on line 95
[12-Jul-2017 09:42:47 UTC] PHP Notice:  Use of undefined constant displacement - assumed 'displacement' in /data/iscar/service/search_adv.php on line 96
[12-Jul-2017 09:42:47 UTC] PHP Notice:  Use of undefined constant equiptments - assumed 'equiptments' in /data/iscar/service/search_adv.php on line 97
[12-Jul-2017 09:42:52 UTC] PHP Notice:  Use of undefined constant drive_mode - assumed 'drive_mode' in /data/iscar/service/search_adv.php on line 98
[12-Jul-2017 09:42:52 UTC] PHP Notice:  Use of undefined constant brand - assumed 'brand' in /data/iscar/service/search_adv.php on line 99
[12-Jul-2017 09:42:52 UTC] PHP Notice:  Use of undefined constant model - assumed 'model' in /data/iscar/service/search_adv.php on line 100
[12-Jul-2017 09:42:52 UTC] PHP Notice:  Use of undefined constant caryear - assumed 'caryear' in /data/iscar/service/search_adv.php on line 101
[12-Jul-2017 09:42:52 UTC] PHP Fatal error:  Uncaught exception 'PDOException' with message 'SQLSTATE[22001]: String data, right truncated: 1406 Data too long for column 'remark' at row 1' in /data/iscar/classes/DefaultPDO.php:69
Stack trace:
#0 /data/iscar/classes/DefaultPDO.php(69): PDOStatement->execute(Array)
#1 /data/iscar/includes/functions.php(752): DefaultPDO->execute('INSERT INTO myl...', Array)
#2 /data/iscar/service/car_list.php(345): setLog('\xE6\xB8\xB8\xE5\xAE\xA2116.231.3...', 0, 'b7c6758d9a3b2f7...', 3, '\xE6\x9F\xA5\xE7\x9C\x8B\xE6\xB1\xBD\xE8\xBD\xA6\xE5\x88\x97...')
#3 /data/iscar/service/index.php(42): require_once('/data/iscar/ser...')
#4 {main}
  thrown in /data/iscar/classes/DefaultPDO.php on line 69
[12-Jul-2017 09:43:28 UTC] PHP Notice:  Use of undefined constant line - assumed 'line' in /data/iscar/service/car_details.php on line 68
[12-Jul-2017 09:43:28 UTC] PHP Notice:  Use of undefined constant Collection_status - assumed 'Collection_status' in /data/iscar/service/car_details.php on line 71
[12-Jul-2017 09:43:28 UTC] PHP Notice:  Use of undefined constant Condition - assumed 'Condition' in /data/iscar/service/car_details.php on line 74
[12-Jul-2017 09:43:28 UTC] PHP Notice:  Use of undefined constant style_list - assumed 'style_list' in /data/iscar/service/car_details.php on line 75
[12-Jul-2017 09:43:28 UTC] PHP Notice:  Use of undefined constant banner - assumed 'banner' in /data/iscar/service/car_details.php on line 76
[12-Jul-2017 09:43:28 UTC] PHP Notice:  Use of undefined constant article - assumed 'article' in /data/iscar/service/car_details.php on line 77
[12-Jul-2017 09:43:28 UTC] PHP Notice:  Use of undefined constant details - assumed 'details' in /data/iscar/service/car_details.php on line 78
[12-Jul-2017 09:43:28 UTC] PHP Notice:  Use of undefined constant imgs - assumed 'imgs' in /data/iscar/service/car_details.php on line 78
[12-Jul-2017 09:43:28 UTC] PHP Notice:  Use of undefined constant details - assumed 'details' in /data/iscar/service/car_details.php on line 79
[12-Jul-2017 09:43:28 UTC] PHP Notice:  Use of undefined constant add_imgs - assumed 'add_imgs' in /data/iscar/service/car_details.php on line 79
[12-Jul-2017 09:43:28 UTC] PHP Notice:  Use of undefined constant details - assumed 'details' in /data/iscar/service/car_details.php on line 80
[12-Jul-2017 09:43:28 UTC] PHP Notice:  Use of undefined constant car_details - assumed 'car_details' in /data/iscar/service/car_details.php on line 80
[12-Jul-2017 09:43:28 UTC] PHP Notice:  Use of undefined constant details - assumed 'details' in /data/iscar/service/car_details.php on line 81
[12-Jul-2017 09:43:28 UTC] PHP Notice:  Use of undefined constant Equipment - assumed 'Equipment' in /data/iscar/service/car_details.php on line 81
